  소스.cpp
c:\program files (x86)\microsoft visual studio 14.0\vc\include\xmemory0(883): error C2516: '_Alloc': 올바른 기본 클래스가 아닙니다.
  c:\program files (x86)\microsoft visual studio 14.0\vc\include\vector(450): note: '_Alloc' 선언을 참조하십시오.
  c:\program files (x86)\microsoft visual studio 14.0\vc\include\vector(450): note: 컴파일 중인 클래스 템플릿 인스턴스화 'std::_Wrap_alloc<int>'에 대한 참조를 확인하십시오.
  c:\program files (x86)\microsoft visual studio 14.0\vc\include\vector(502): note: 컴파일 중인 클래스 템플릿 인스턴스화 'std::_Vec_base_types<_Ty,_Alloc>'에 대한 참조를 확인하십시오.
          with
          [
              _Ty=int,
              _Alloc=int
          ]
  c:\program files (x86)\microsoft visual studio 14.0\vc\include\vector(680): note: 컴파일 중인 클래스 템플릿 인스턴스화 'std::_Vector_alloc<std::_Vec_base_types<_Ty,_Alloc>>'에 대한 참조를 확인하십시오.
          with
          [
              _Ty=int,
              _Alloc=int
          ]
  d:\2. 공부자료\dev\til\algorithm\swea\5644\5644\소스.cpp(38): note: 컴파일 중인 클래스 템플릿 인스턴스화 'std::vector<int,int>'에 대한 참조를 확인하십시오.
c:\program files (x86)\microsoft visual studio 14.0\vc\include\xmemory0(556): error C2825: '_Alloc': '::'가 뒤에 나오면 클래스 또는 네임스페이스여야 합니다.
  c:\program files (x86)\microsoft visual studio 14.0\vc\include\xmemory0(887): note: 컴파일 중인 클래스 템플릿 인스턴스화 'std::allocator_traits<_Alloc>'에 대한 참조를 확인하십시오.
          with
          [
              _Alloc=int
          ]
c:\program files (x86)\microsoft visual studio 14.0\vc\include\xmemory0(556): error C2510: '_Alloc': '::' 왼쪽은 클래스/구조체/공용 구조체이어야 합니다.
c:\program files (x86)\microsoft visual studio 14.0\vc\include\xmemory0(556): error C3646: 'value_type': 알 수 없는 재정의 지정자입니다.
c:\program files (x86)\microsoft visual studio 14.0\vc\include\xmemory0(556): error C4430: 형식 지정자가 없습니다. int로 가정합니다. 참고: C++에서는 기본 int를 지원하지 않습니다.
c:\program files (x86)\microsoft visual studio 14.0\vc\include\xmemory0(315): error C2825: '_Ty': '::'가 뒤에 나오면 클래스 또는 네임스페이스여야 합니다.
  c:\program files (x86)\microsoft visual studio 14.0\vc\include\xmemory0(558): note: 컴파일 중인 클래스 템플릿 인스턴스화 'std::_Get_pointer_type<_Alloc>'에 대한 참조를 확인하십시오.
          with
          [
              _Alloc=int
          ]
c:\program files (x86)\microsoft visual studio 14.0\vc\include\xmemory0(315): error C2510: '_Ty': '::' 왼쪽은 클래스/구조체/공용 구조체이어야 합니다.
c:\program files (x86)\microsoft visual studio 14.0\vc\include\xmemory0(315): error C2146: 구문 오류: '>'이(가) 'value_type' 식별자 앞에 없습니다.
c:\program files (x86)\microsoft visual studio 14.0\vc\include\xmemory0(315): error C2672: 'std::_Get_pointer_type<_Alloc>::_Fn': 일치하는 오버로드된 함수가 없습니다.
          with
          [
              _Alloc=int
          ]
c:\program files (x86)\microsoft visual studio 14.0\vc\include\xmemory0(315): error C2893: 'std::_Identity<ptrdiff_t> std::_Get_pointer_type<_Alloc>::_Fn(std::_Wrap_int)' 함수 템플릿을 특수화하지 못했습니다.
          with
          [
              _Alloc=int
          ]
  c:\program files (x86)\microsoft visual studio 14.0\vc\include\xmemory0(315): note: 다음 템플릿 인수 사용:
  c:\program files (x86)\microsoft visual studio 14.0\vc\include\xmemory0(315): note: '_Uty=int'
c:\program files (x86)\microsoft visual studio 14.0\vc\include\xmemory0(315): error C2770: 'std::_Identity<_Uty::pointer> std::_Get_pointer_type<_Alloc>::_Fn(int)'에 대한 명시적 템플릿 인수가 잘못되었습니다.
          with
          [
              _Alloc=int
          ]
  c:\program files (x86)\microsoft visual studio 14.0\vc\include\xmemory0(315): note: 'std::_Get_pointer_type<_Alloc>::_Fn' 선언을 참조하십시오.
          with
          [
              _Alloc=int
          ]
c:\program files (x86)\microsoft visual studio 14.0\vc\include\xmemory0(322): error C2825: '_Ty': '::'가 뒤에 나오면 클래스 또는 네임스페이스여야 합니다.
  c:\program files (x86)\microsoft visual studio 14.0\vc\include\xmemory0(560): note: 컴파일 중인 클래스 템플릿 인스턴스화 'std::_Get_const_pointer_type<_Alloc>'에 대한 참조를 확인하십시오.
          with
          [
              _Alloc=int
          ]
c:\program files (x86)\microsoft visual studio 14.0\vc\include\xmemory0(322): error C2510: '_Ty': '::' 왼쪽은 클래스/구조체/공용 구조체이어야 합니다.
c:\program files (x86)\microsoft visual studio 14.0\vc\include\xmemory0(322): error C4430: 형식 지정자가 없습니다. int로 가정합니다. 참고: C++에서는 기본 int를 지원하지 않습니다.
c:\program files (x86)\microsoft visual studio 14.0\vc\include\xmemory0(322): error C2146: 구문 오류: '>'이(가) 'value_type' 식별자 앞에 없습니다.
c:\program files (x86)\microsoft visual studio 14.0\vc\include\xmemory0(322): error C2672: 'std::_Get_const_pointer_type<_Alloc>::_Fn': 일치하는 오버로드된 함수가 없습니다.
          with
          [
              _Alloc=int
          ]
c:\program files (x86)\microsoft visual studio 14.0\vc\include\xmemory0(322): error C2770: 'std::_Identity<pointer_traits<_Get_pointer_type<_Alloc>::_Decltype::type>::rebind<const int>> std::_Get_const_pointer_type<_Alloc>::_Fn(std::_Wrap_int)'에 대한 명시적 템플릿 인수가 잘못되었습니다.
          with
          [
              _Alloc=int
          ]
  c:\program files (x86)\microsoft visual studio 14.0\vc\include\xmemory0(322): note: 'std::_Get_const_pointer_type<_Alloc>::_Fn' 선언을 참조하십시오.
          with
          [
              _Alloc=int
          ]
c:\program files (x86)\microsoft visual studio 14.0\vc\include\xmemory0(322): error C2770: 'std::_Identity<_Uty::const_pointer> std::_Get_const_pointer_type<_Alloc>::_Fn(int)'에 대한 명시적 템플릿 인수가 잘못되었습니다.
          with
          [
              _Alloc=int
          ]
  c:\program files (x86)\microsoft visual studio 14.0\vc\include\xmemory0(322): note: 'std::_Get_const_pointer_type<_Alloc>::_Fn' 선언을 참조하십시오.
          with
          [
              _Alloc=int
          ]
c:\program files (x86)\microsoft visual studio 14.0\vc\include\xmemory0(329): error C2672: 'std::_Get_void_pointer_type<_Alloc>::_Fn': 일치하는 오버로드된 함수가 없습니다.
          with
          [
              _Alloc=int
          ]
  c:\program files (x86)\microsoft visual studio 14.0\vc\include\xmemory0(562): note: 컴파일 중인 클래스 템플릿 인스턴스화 'std::_Get_void_pointer_type<_Alloc>'에 대한 참조를 확인하십시오.
          with
          [
              _Alloc=int
          ]
c:\program files (x86)\microsoft visual studio 14.0\vc\include\xmemory0(329): error C2770: 'std::_Identity<pointer_traits<_Get_pointer_type<_Alloc>::_Decltype::type>::rebind<void>> std::_Get_void_pointer_type<_Alloc>::_Fn(std::_Wrap_int)'에 대한 명시적 템플릿 인수가 잘못되었습니다.
          with
          [
              _Alloc=int
          ]
  c:\program files (x86)\microsoft visual studio 14.0\vc\include\xmemory0(329): note: 'std::_Get_void_pointer_type<_Alloc>::_Fn' 선언을 참조하십시오.
          with
          [
              _Alloc=int
          ]
c:\program files (x86)\microsoft visual studio 14.0\vc\include\xmemory0(329): error C2770: 'std::_Identity<_Uty::void_pointer> std::_Get_void_pointer_type<_Alloc>::_Fn(int)'에 대한 명시적 템플릿 인수가 잘못되었습니다.
          with
          [
              _Alloc=int
          ]
  c:\program files (x86)\microsoft visual studio 14.0\vc\include\xmemory0(329): note: 'std::_Get_void_pointer_type<_Alloc>::_Fn' 선언을 참조하십시오.
          with
          [
              _Alloc=int
          ]
c:\program files (x86)\microsoft visual studio 14.0\vc\include\xmemory0(336): error C2672: 'std::_Get_const_void_pointer_type<_Alloc>::_Fn': 일치하는 오버로드된 함수가 없습니다.
          with
          [
              _Alloc=int
          ]
  c:\program files (x86)\microsoft visual studio 14.0\vc\include\xmemory0(564): note: 컴파일 중인 클래스 템플릿 인스턴스화 'std::_Get_const_void_pointer_type<_Alloc>'에 대한 참조를 확인하십시오.
          with
          [
              _Alloc=int
          ]
c:\program files (x86)\microsoft visual studio 14.0\vc\include\xmemory0(336): error C2770: 'std::_Identity<pointer_traits<_Get_pointer_type<_Alloc>::_Decltype::type>::rebind<const void>> std::_Get_const_void_pointer_type<_Alloc>::_Fn(std::_Wrap_int)'에 대한 명시적 템플릿 인수가 잘못되었습니다.
          with
          [
              _Alloc=int
          ]
  c:\program files (x86)\microsoft visual studio 14.0\vc\include\xmemory0(336): note: 'std::_Get_const_void_pointer_type<_Alloc>::_Fn' 선언을 참조하십시오.
          with
          [
              _Alloc=int
          ]
c:\program files (x86)\microsoft visual studio 14.0\vc\include\xmemory0(336): error C2770: 'std::_Identity<_Uty::const_void_pointer> std::_Get_const_void_pointer_type<_Alloc>::_Fn(int)'에 대한 명시적 템플릿 인수가 잘못되었습니다.
          with
          [
              _Alloc=int
          ]
  c:\program files (x86)\microsoft visual studio 14.0\vc\include\xmemory0(336): note: 'std::_Get_const_void_pointer_type<_Alloc>::_Fn' 선언을 참조하십시오.
          with
          [
              _Alloc=int
          ]
c:\program files (x86)\microsoft visual studio 14.0\vc\include\xmemory0(343): error C2672: 'std::_Get_difference_type<_Ty>::_Fn': 일치하는 오버로드된 함수가 없습니다.
          with
          [
              _Ty=int
          ]
  c:\program files (x86)\microsoft visual studio 14.0\vc\include\xmemory0(350): note: 컴파일 중인 클래스 템플릿 인스턴스화 'std::_Get_difference_type<_Ty>'에 대한 참조를 확인하십시오.
          with
          [
              _Ty=int
          ]
  c:\program files (x86)\microsoft visual studio 14.0\vc\include\xmemory0(567): note: 컴파일 중인 클래스 템플릿 인스턴스화 'std::_Get_size_type<_Alloc>'에 대한 참조를 확인하십시오.
          with
          [
              _Alloc=int
          ]
c:\program files (x86)\microsoft visual studio 14.0\vc\include\xmemory0(343): error C2770: 'std::_Identity<_Get_ptr_difference_type<_Get_pointer_type<_Alloc>::_Decltype::type>::type> std::_Get_difference_type<_Ty>::_Fn(std::_Wrap_int)'에 대한 명시적 템플릿 인수가 잘못되었습니다.
          with
          [
              _Alloc=int,
              _Ty=int
          ]
  c:\program files (x86)\microsoft visual studio 14.0\vc\include\xmemory0(343): note: 'std::_Get_difference_type<_Ty>::_Fn' 선언을 참조하십시오.
          with
          [
              _Ty=int
          ]
c:\program files (x86)\microsoft visual studio 14.0\vc\include\xmemory0(343): error C2770: 'std::_Identity<_Uty::difference_type> std::_Get_difference_type<_Ty>::_Fn(int)'에 대한 명시적 템플릿 인수가 잘못되었습니다.
          with
          [
              _Ty=int
          ]
  c:\program files (x86)\microsoft visual studio 14.0\vc\include\xmemory0(343): note: 'std::_Get_difference_type<_Ty>::_Fn' 선언을 참조하십시오.
          with
          [
              _Ty=int
          ]
c:\program files (x86)\microsoft visual studio 14.0\vc\include\xmemory0(350): error C2672: 'std::_Get_size_type<_Alloc>::_Fn': 일치하는 오버로드된 함수가 없습니다.
          with
          [
              _Alloc=int
          ]
c:\program files (x86)\microsoft visual studio 14.0\vc\include\xmemory0(350): error C2770: 'std::_Identity<make_unsigned<_Get_difference_type<_Ty>::_Decltype::type>::type> std::_Get_size_type<_Ty>::_Fn(std::_Wrap_int)'에 대한 명시적 템플릿 인수가 잘못되었습니다.
          with
          [
              _Ty=int
          ]
  c:\program files (x86)\microsoft visual studio 14.0\vc\include\xmemory0(350): note: 'std::_Get_size_type<_Alloc>::_Fn' 선언을 참조하십시오.
          with
          [
              _Alloc=int
          ]
c:\program files (x86)\microsoft visual studio 14.0\vc\include\xmemory0(350): error C2770: 'std::_Identity<_Uty::size_type> std::_Get_size_type<_Alloc>::_Fn(int)'에 대한 명시적 템플릿 인수가 잘못되었습니다.
          with
          [
              _Alloc=int
          ]
  c:\program files (x86)\microsoft visual studio 14.0\vc\include\xmemory0(350): note: 'std::_Get_size_type<_Alloc>::_Fn' 선언을 참조하십시오.
          with
          [
              _Alloc=int
          ]
c:\program files (x86)\microsoft visual studio 14.0\vc\include\xmemory0(586): warning C4494: 'std::allocator_traits<_Alloc>::allocate': 함수 반환 형식이 포인터 또는 참조가 아니라 __declspec(allocator)를 무시합니다.
          with
          [
              _Alloc=int
          ]
c:\program files (x86)\microsoft visual studio 14.0\vc\include\xmemory0(592): warning C4494: 'std::allocator_traits<_Alloc>::allocate': 함수 반환 형식이 포인터 또는 참조가 아니라 __declspec(allocator)를 무시합니다.
          with
          [
              _Alloc=int
          ]
c:\program files (x86)\microsoft visual studio 14.0\vc\include\xmemory0(975): warning C4494: 'std::_Wrap_alloc<int>::allocate': 함수 반환 형식이 포인터 또는 참조가 아니라 __declspec(allocator)를 무시합니다.
c:\program files (x86)\microsoft visual studio 14.0\vc\include\xmemory0(981): warning C4494: 'std::_Wrap_alloc<int>::allocate': 함수 반환 형식이 포인터 또는 참조가 아니라 __declspec(allocator)를 무시합니다.
c:\program files (x86)\microsoft visual studio 14.0\vc\include\xmemory0(240): error C2672: 'std::_Get_rebind_type<_Alloc,_Other>::_Fn': 일치하는 오버로드된 함수가 없습니다.
          with
          [
              _Alloc=int,
              _Other=int
          ]
  c:\program files (x86)\microsoft visual studio 14.0\vc\include\xmemory0(919): note: 컴파일 중인 클래스 템플릿 인스턴스화 'std::_Get_rebind_type<_Alloc,_Other>'에 대한 참조를 확인하십시오.
          with
          [
              _Alloc=int,
              _Other=int
          ]
  c:\program files (x86)\microsoft visual studio 14.0\vc\include\vector(450): note: 컴파일 중인 클래스 템플릿 인스턴스화 'std::_Wrap_alloc<int>::rebind<_Ty>'에 대한 참조를 확인하십시오.
          with
          [
              _Ty=int
          ]
c:\program files (x86)\microsoft visual studio 14.0\vc\include\xmemory0(240): error C2770: 'std::_Identity<_Replace_first_parameter<_Other,_Uty>::type> std::_Get_rebind_type<_Alloc,_Other>::_Fn(std::_Wrap_int)'에 대한 명시적 템플릿 인수가 잘못되었습니다.
          with
          [
              _Other=int,
              _Alloc=int
          ]
  c:\program files (x86)\microsoft visual studio 14.0\vc\include\xmemory0(240): note: 'std::_Get_rebind_type<_Alloc,_Other>::_Fn' 선언을 참조하십시오.
          with
          [
              _Alloc=int,
              _Other=int
          ]
c:\program files (x86)\microsoft visual studio 14.0\vc\include\xmemory0(240): error C2770: 'std::_Identity<_Uty::rebind<_Other>::other> std::_Get_rebind_type<_Alloc,_Other>::_Fn(int)'에 대한 명시적 템플릿 인수가 잘못되었습니다.
          with
          [
              _Other=int,
              _Alloc=int
          ]
  c:\program files (x86)\microsoft visual studio 14.0\vc\include\xmemory0(240): note: 'std::_Get_rebind_type<_Alloc,_Other>::_Fn' 선언을 참조하십시오.
          with
          [
              _Alloc=int,
              _Other=int
          ]
d:\2. 공부자료\dev\til\algorithm\swea\5644\5644\소스.cpp(73): fatal error C1903: 이전 오류를 복구할 수 없습니다. 컴파일이 중지됩니다.
  'C:\Program Files (x86)\Microsoft Visual Studio 14.0\VC\bin\CL.exe'에서 내부 컴파일러 오류
      자세한 내용을 보려면 Visual C++ [도움말] 메뉴에서
   [기술 지원] 명령을 선택하거나 기술 지원 도움말 파일을 참조하십시오.
